<?xml version="1.0" encoding="UTF-8"?>
<testng-results ignored="0" total="1" passed="1" failed="0" skipped="0">
  <reporter-output>
  </reporter-output>
  <suite started-at="2023-09-16T15:10:06 EDT" name="Default suite" finished-at="2023-09-16T15:10:23 EDT" duration-ms="17030">
    <groups>
      <group name="cucumber">
        <method signature="AbstractTestNGCucumberTests.feature(cucumber.api.testng.CucumberFeatureWrapper)[pri:0, instance:testrunner.testrunnerclass@201a4587]" name="feature" class="cucumber.api.testng.AbstractTestNGCucumberTests"/>
      </group> <!-- cucumber -->
    </groups>
    <test started-at="2023-09-16T15:10:06 EDT" name="Default test" finished-at="2023-09-16T15:10:23 EDT" duration-ms="17030">
      <class name="testrunner.testrunnerclass">
        <test-method is-config="true" signature="setUpClass()[pri:0, instance:testrunner.testrunnerclass@201a4587]" started-at="2023-09-16T15:10:06 EDT" name="setUpClass" finished-at="2023-09-16T15:10:06 EDT" duration-ms="154" status="PASS">
          <reporter-output>
          </reporter-output>
        </test-method> <!-- setUpClass -->
        <test-method signature="feature(cucumber.api.testng.CucumberFeatureWrapper)[pri:0, instance:testrunner.testrunnerclass@201a4587]" started-at="2023-09-16T15:10:06 EDT" name="feature" description="Runs Cucumber Feature" data-provider="features" finished-at="2023-09-16T15:10:23 EDT" duration-ms="16776" status="PASS">
          <params>
            <param index="0">
              <value>
                <![CDATA[]]>
              </value>
            </param>
          </params>
          <reporter-output>
          </reporter-output>
        </test-method> <!-- feature -->
        <test-method is-config="true" signature="tearDownClass()[pri:0, instance:testrunner.testrunnerclass@201a4587]" started-at="2023-09-16T15:10:23 EDT" name="tearDownClass" finished-at="2023-09-16T15:10:23 EDT" duration-ms="16" status="PASS">
          <reporter-output>
          </reporter-output>
        </test-method> <!-- tearDownClass -->
      </class> <!-- testrunner.testrunnerclass -->
    </test> <!-- Default test -->
  </suite> <!-- Default suite -->
</testng-results>
